<?xml version="1.0" encoding="UTF-8"?>
<testsuite xmlns:xsi="http://www.w3.org/2001/XMLSchema-instance" xsi:schemaLocation="https://maven.apache.org/surefire/maven-surefire-plugin/xsd/surefire-test-report.xsd" name="TestSuite" time="307.37" tests="9" errors="0" skipped="0" failures="1">
  <properties>
    <property name="java.vendor" value="Oracle Corporation"/>
    <property name="JOB_NAME" value="GETPSPAUTOMATIONJOB"/>
    <property name="sun.java.launcher" value="SUN_STANDARD"/>
    <property name="windows_tracing_logfile" value="C:\BVTBin\Tests\installpackage\csilogfile.log"/>
    <property name="NUMBER_OF_PROCESSORS" value="4"/>
    <property name="sun.management.compiler" value="HotSpot 64-Bit Tiered Compilers"/>
    <property name="JENKINS_HOME" value="C:\Users\lenovo\.jenkins"/>
    <property name="HUDSON_SERVER_COOKIE" value="a3285004f3143578"/>
    <property name="os.name" value="Windows 7"/>
    <property name="sun.boot.class.path" value="C:\Program Files\Java\jre1.8.0_181\lib\resources.jar;C:\Program Files\Java\jre1.8.0_181\lib\rt.jar;C:\Program Files\Java\jre1.8.0_181\lib\sunrsasign.jar;C:\Program Files\Java\jre1.8.0_181\lib\jsse.jar;C:\Program Files\Java\jre1.8.0_181\lib\jce.jar;C:\Program Files\Java\jre1.8.0_181\lib\charsets.jar;C:\Program Files\Java\jre1.8.0_181\lib\jfr.jar;C:\Program Files\Java\jre1.8.0_181\classes"/>
    <property name="EXECUTOR_NUMBER" value="0"/>
    <property name="sun.desktop" value="windows"/>
    <property name="PATHEXT" value=".COM;.EXE;.BAT;.CMD;.VBS;.VBE;.JS;.JSE;.WSF;.WSH;.MSC"/>
    <property name="java.vm.specification.vendor" value="Oracle Corporation"/>
    <property name="NODE_LABELS" value="master"/>
    <property name="TEMP" value="C:\Users\lenovo\AppData\Local\Temp"/>
    <property name="java.runtime.version" value="1.8.0_181-b13"/>
    <property name="user.name" value="lenovo"/>
    <property name="LSERVRC" value="C:\ProgramData\HP\Functional testing\License\lservrc"/>
    <property name="guice.disable.misplaced.annotation.check" value="true"/>
    <property name="CommonProgramW6432" value="C:\Program Files\Common Files"/>
    <property name="ProgramFiles" value="C:\Program Files"/>
    <property name="PROMPT" value="$P$G"/>
    <property name="user.language" value="en"/>
    <property name="JOB_BASE_NAME" value="GETPSPAUTOMATIONJOB"/>
    <property name="RUN_CHANGES_DISPLAY_URL" value="http://localhost:8080/job/GETPSPAUTOMATIONJOB/3/display/redirect?page=changes"/>
    <property name="BUILD_DISPLAY_NAME" value="#3"/>
    <property name="sun.boot.library.path" value="C:\Program Files\Java\jre1.8.0_181\bin"/>
    <property name="LOCALAPPDATA" value="C:\Users\lenovo\AppData\Local"/>
    <property name="java.version" value="1.8.0_181"/>
    <property name="PROCESSOR_LEVEL" value="6"/>
    <property name="user.timezone" value="Asia/Calcutta"/>
    <property name="USERNAME" value="lenovo"/>
    <property name="sun.arch.data.model" value="64"/>
    <property name="NODE_NAME" value="master"/>
    <property name="java.endorsed.dirs" value="C:\Program Files\Java\jre1.8.0_181\lib\endorsed"/>
    <property name="BUILD_ID" value="3"/>
    <property name="sun.cpu.isalist" value="amd64"/>
    <property name="sun.jnu.encoding" value="Cp1252"/>
    <property name="file.encoding.pkg" value="sun.io"/>
    <property name="file.separator" value="\"/>
    <property name="java.specification.name" value="Java Platform API Specification"/>
    <property name="HOMEDRIVE" value="C:"/>
    <property name="maven.conf" value="C:\Users\lenovo\.jenkins\tools\hudson.tasks.Maven_MavenInstallation\TestMaven\conf"/>
    <property name="java.class.version" value="52.0"/>
    <property name="=::" value="::\"/>
    <property name="org.slf4j.simpleLogger.defaultLogLevel" value="info"/>
    <property name="user.country" value="IN"/>
    <property name="ALLUSERSPROFILE" value="C:\ProgramData"/>
    <property name="java.home" value="C:\Program Files\Java\jre1.8.0_181"/>
    <property name="java.vm.info" value="mixed mode"/>
    <property name="os.version" value="6.1"/>
    <property name="RUN_DISPLAY_URL" value="http://localhost:8080/job/GETPSPAUTOMATIONJOB/3/display/redirect"/>
    <property name="configsetroot" value="C:\Windows\ConfigSetRoot"/>
    <property name="TMP" value="C:\Users\lenovo\AppData\Local\Temp"/>
    <property name="path.separator" value=";"/>
    <property name="java.vm.version" value="25.181-b13"/>
    <property name="user.variant" value=""/>
    <property name="JOB_DISPLAY_URL" value="http://localhost:8080/job/GETPSPAUTOMATIONJOB/display/redirect"/>
    <property name="CommonProgramFiles(x86)" value="C:\Program Files (x86)\Common Files"/>
    <property name="java.awt.printerjob" value="sun.awt.windows.WPrinterJob"/>
    <property name="FP_NO_HOST_CHECK" value="NO"/>
    <property name="JAVA_HOME" value="C:\Program Files\Java\jdk1.8.0_181"/>
    <property name="sun.io.unicode.encoding" value="UnicodeLittle"/>
    <property name="CommonProgramFiles" value="C:\Program Files\Common Files"/>
    <property name="ComSpec" value="C:\Windows\system32\cmd.exe"/>
    <property name="HOMEPATH" value="\Users\lenovo"/>
    <property name="awt.toolkit" value="sun.awt.windows.WToolkit"/>
    <property name="COMPUTERNAME" value="LENOVO-PC"/>
    <property name="user.script" value=""/>
    <property name="user.home" value="C:\Users\lenovo"/>
    <property name="PUBLIC" value="C:\Users\Public"/>
    <property name="BUILD_TAG" value="jenkins-GETPSPAUTOMATIONJOB-3"/>
    <property name="JENKINS_SERVER_COOKIE" value="a3285004f3143578"/>
    <property name="HUDSON_URL" value="http://localhost:8080/"/>
    <property name="ProgramData" value="C:\ProgramData"/>
    <property name="java.specification.vendor" value="Oracle Corporation"/>
    <property name="USERPROFILE" value="C:\Users\lenovo"/>
    <property name="CLASSPATH" value=""/>
    <property name="java.vendor.url" value="http://java.oracle.com/"/>
    <property name="java.library.path" value="C:\Program Files (x86)\Common Files\Oracle\Java\javapath;C:\Windows\Sun\Java\bin;C:\Windows\system32;C:\Windows;C:\Users\lenovo\.jenkins\tools\hudson.tasks.Maven_MavenInstallation\TestMaven/bin;C:\Program Files (x86)\Common Files\Oracle\Java\javapath;C:\Program Files\Common Files\Microsoft Shared\Windows Live;C:\Program Files (x86)\Common Files\Microsoft Shared\Windows Live;C:\Program Files (x86)\Intel\iCLS Client\;C:\Program Files\Intel\iCLS Client\;C:\Windows\system32;C:\Windows;C:\Windows\System32\Wbem;C:\Windows\System32\WindowsPowerShell\v1.0\;C:\Program Files (x86)\Intel\OpenCL SDK\2.0\bin\x86;C:\Program Files (x86)\Intel\OpenCL SDK\2.0\bin\x64;C:\Program Files\Intel\Intel(R) Management Engine Components\DAL;C:\Program Files\Intel\Intel(R) Management Engine Components\IPT;C:\Program Files (x86)\Intel\Intel(R) Management Engine Components\DAL;C:\Program Files (x86)\Intel\Intel(R) Management Engine Components\IPT;C:\Program Files (x86)\Windows Live\Shared;C:\Program Files\Java\jdk1.8.0_181\bin;C:\Program Files\Apache\maven\bin;."/>
    <property name="java.vm.vendor" value="Oracle Corporation"/>
    <property name="APPDATA" value="C:\Users\lenovo\AppData\Roaming"/>
    <property name="java.runtime.name" value="Java(TM) SE Runtime Environment"/>
    <property name="maven.home" value="C:\Users\lenovo\.jenkins\tools\hudson.tasks.Maven_MavenInstallation\TestMaven"/>
    <property name="java.class.path" value="C:\Users\lenovo\.jenkins\plugins\maven-plugin\WEB-INF\lib\maven35-agent-1.12-alpha-1.jar;C:\Users\lenovo\.jenkins\tools\hudson.tasks.Maven_MavenInstallation\TestMaven\boot\plexus-classworlds-2.5.2.jar;C:\Users\lenovo\.jenkins\tools\hudson.tasks.Maven_MavenInstallation\TestMaven/conf/logging"/>
    <property name="sun.java.command" value="jenkins.maven3.agent.Maven35Main C:\Users\lenovo\.jenkins\tools\hudson.tasks.Maven_MavenInstallation\TestMaven C:\Users\lenovo\.jenkins\war\WEB-INF\lib\remoting-3.25.jar C:\Users\lenovo\.jenkins\plugins\maven-plugin\WEB-INF\lib\maven35-interceptor-1.12-alpha-1.jar C:\Users\lenovo\.jenkins\plugins\maven-plugin\WEB-INF\lib\maven3-interceptor-commons-1.12-alpha-1.jar 49777"/>
    <property name="Path" value="C:\Program Files (x86)\Common Files\Oracle\Java\javapath;C:\Program Files\Common Files\Microsoft Shared\Windows Live;C:\Program Files (x86)\Common Files\Microsoft Shared\Windows Live;C:\Program Files (x86)\Intel\iCLS Client\;C:\Program Files\Intel\iCLS Client\;C:\Windows\system32;C:\Windows;C:\Windows\System32\Wbem;C:\Windows\System32\WindowsPowerShell\v1.0\;C:\Program Files (x86)\Intel\OpenCL SDK\2.0\bin\x86;C:\Program Files (x86)\Intel\OpenCL SDK\2.0\bin\x64;C:\Program Files\Intel\Intel(R) Management Engine Components\DAL;C:\Program Files\Intel\Intel(R) Management Engine Components\IPT;C:\Program Files (x86)\Intel\Intel(R) Management Engine Components\DAL;C:\Program Files (x86)\Intel\Intel(R) Management Engine Components\IPT;C:\Program Files (x86)\Windows Live\Shared;C:\Program Files\Java\jdk1.8.0_181\bin;C:\Program Files\Apache\maven\bin"/>
    <property name="java.vm.specification.name" value="Java Virtual Machine Specification"/>
    <property name="PROCESSOR_ARCHITECTURE" value="AMD64"/>
    <property name="PROCESSOR_IDENTIFIER" value="Intel64 Family 6 Model 42 Stepping 7, GenuineIntel"/>
    <property name="SESSIONNAME" value="Console"/>
    <property name="java.vm.specification.version" value="1.8"/>
    <property name="sun.os.patch.level" value="Service Pack 1"/>
    <property name="sun.cpu.endian" value="little"/>
    <property name="M2_HOME" value="C:\Users\lenovo\.jenkins\tools\hudson.tasks.Maven_MavenInstallation\TestMaven"/>
    <property name="java.io.tmpdir" value="C:\Users\lenovo\AppData\Local\Temp\"/>
    <property name="OS" value="Windows_NT"/>
    <property name="HUDSON_HOME" value="C:\Users\lenovo\.jenkins"/>
    <property name="PATH+MAVEN" value="C:\Users\lenovo\.jenkins\tools\hudson.tasks.Maven_MavenInstallation\TestMaven/bin"/>
    <property name="ProgramFiles(x86)" value="C:\Program Files (x86)"/>
    <property name="BUILD_URL" value="http://localhost:8080/job/GETPSPAUTOMATIONJOB/3/"/>
    <property name="java.vendor.url.bug" value="http://bugreport.sun.com/bugreport/"/>
    <property name="java.awt.graphicsenv" value="sun.awt.Win32GraphicsEnvironment"/>
    <property name="os.arch" value="amd64"/>
    <property name="SystemRoot" value="C:\Windows"/>
    <property name="windows_tracing_flags" value="3"/>
    <property name="java.ext.dirs" value="C:\Program Files\Java\jre1.8.0_181\lib\ext;C:\Windows\Sun\Java\lib\ext"/>
    <property name="user.dir" value="C:\Users\lenovo\eclipse-workspace\GETPSP"/>
    <property name="JOB_URL" value="http://localhost:8080/job/GETPSPAUTOMATIONJOB/"/>
    <property name="LOGONSERVER" value="\\LENOVO-PC"/>
    <property name="USERDOMAIN" value="lenovo-PC"/>
    <property name="line.separator" value="&#10;"/>
    <property name="MAVEN_HOME" value="C:\Users\lenovo\.jenkins\tools\hudson.tasks.Maven_MavenInstallation\TestMaven"/>
    <property name="java.vm.name" value="Java HotSpot(TM) 64-Bit Server VM"/>
    <property name="BUILD_NUMBER" value="3"/>
    <property name="JENKINS_URL" value="http://localhost:8080/"/>
    <property name="PROCESSOR_REVISION" value="2a07"/>
    <property name="ProgramW6432" value="C:\Program Files"/>
    <property name="windir" value="C:\Windows"/>
    <property name="=C:" value="C:\Users\lenovo\Jenkins"/>
    <property name="file.encoding" value="Cp1252"/>
    <property name="SystemDrive" value="C:"/>
    <property name="maven3.interceptor" value="C:\Users\lenovo\.jenkins\plugins\maven-plugin\WEB-INF\lib\maven35-interceptor-1.12-alpha-1.jar"/>
    <property name="WORKSPACE" value="C:\Users\lenovo\.jenkins\workspace\GETPSPAUTOMATIONJOB"/>
    <property name="maven3.interceptor.common" value="C:\Users\lenovo\.jenkins\plugins\maven-plugin\WEB-INF\lib\maven3-interceptor-commons-1.12-alpha-1.jar"/>
    <property name="java.specification.version" value="1.8"/>
    <property name="PSModulePath" value="C:\Windows\system32\WindowsPowerShell\v1.0\Modules\"/>
  </properties>
  <testcase name="verifyDashboardTxtTest" classname="com.get.qa.testcases.HomePageTest" time="0.132"/>
  <testcase name="loginPageTitleTest" classname="com.get.qa.testcases.LoginPageTest" time="0.018"/>
  <testcase name="verifyTokenManagerPageTest" classname="com.get.qa.testcases.TokenManagerPageTest" time="0.066"/>
  <testcase name="clickTokenManagerLinkTest" classname="com.get.qa.testcases.HomePageTest" time="6.237"/>
  <testcase name="loginTest" classname="com.get.qa.testcases.LoginPageTest" time="16.387"/>
  <testcase name="requestCardTokenTest" classname="com.get.qa.testcases.TokenManagerPageTest" time="8.474"/>
  <testcase name="requestCardTokenTest" classname="com.get.qa.testcases.TokenManagerPageTest" time="8.162"/>
  <testcase name="requestCheckTokenTest" classname="com.get.qa.testcases.TokenManagerPageTest" time="7.742"/>
  <testcase name="requestCheckTokenTest" classname="com.get.qa.testcases.TokenManagerPageTest" time="7.802">
    <failure message="element not visible&#10;  (Session info: chrome=68.0.3440.106)&#10;  (Driver info: chromedriver=2.41.578737 (49da6702b16031c40d63e5618de03a32ff6c197e),platform=Windows NT 6.1.7601 SP1 x86_64) (WARNING: The server did not provide any stacktrace information)&#10;Command duration or timeout: 0 milliseconds&#10;Build info: version: &apos;3.13.0&apos;, revision: &apos;2f0d292&apos;, time: &apos;2018-06-25T15:24:21.231Z&apos;&#10;System info: host: &apos;LENOVO-PC&apos;, ip: &apos;192.168.43.102&apos;, os.name: &apos;Windows 7&apos;, os.arch: &apos;amd64&apos;, os.version: &apos;6.1&apos;, java.version: &apos;1.8.0_181&apos;&#10;Driver info: org.openqa.selenium.chrome.ChromeDriver&#10;Capabilities {acceptInsecureCerts: false, acceptSslCerts: false, applicationCacheEnabled: false, browserConnectionEnabled: false, browserName: chrome, chrome: {chromedriverVersion: 2.41.578737 (49da6702b16031..., userDataDir: C:\Users\lenovo\AppData\Loc...}, cssSelectorsEnabled: true, databaseEnabled: false, goog:chromeOptions: {debuggerAddress: localhost:50015}, handlesAlerts: true, hasTouchScreen: false, javascriptEnabled: true, locationContextEnabled: true, mobileEmulationEnabled: false, nativeEvents: true, networkConnectionEnabled: false, pageLoadStrategy: normal, platform: XP, platformName: XP, rotatable: false, setWindowRect: true, takesHeapSnapshot: true, takesScreenshot: true, unexpectedAlertBehaviour: , unhandledPromptBehavior: , version: 68.0.3440.106, webStorageEnabled: true}&#10;Session ID: cedfa6fe1708162a1aecbc267a648034" type="org.openqa.selenium.ElementNotVisibleException">org.openqa.selenium.ElementNotVisibleException: 
element not visible
  (Session info: chrome=68.0.3440.106)
  (Driver info: chromedriver=2.41.578737 (49da6702b16031c40d63e5618de03a32ff6c197e),platform=Windows NT 6.1.7601 SP1 x86_64) (WARNING: The server did not provide any stacktrace information)
Command duration or timeout: 0 milliseconds
Build info: version: '3.13.0', revision: '2f0d292', time: '2018-06-25T15:24:21.231Z'
System info: host: 'LENOVO-PC', ip: '192.168.43.102', os.name: 'Windows 7', os.arch: 'amd64', os.version: '6.1', java.version: '1.8.0_181'
Driver info: org.openqa.selenium.chrome.ChromeDriver
Capabilities {acceptInsecureCerts: false, acceptSslCerts: false, applicationCacheEnabled: false, browserConnectionEnabled: false, browserName: chrome, chrome: {chromedriverVersion: 2.41.578737 (49da6702b16031..., userDataDir: C:\Users\lenovo\AppData\Loc...}, cssSelectorsEnabled: true, databaseEnabled: false, goog:chromeOptions: {debuggerAddress: localhost:50015}, handlesAlerts: true, hasTouchScreen: false, javascriptEnabled: true, locationContextEnabled: true, mobileEmulationEnabled: false, nativeEvents: true, networkConnectionEnabled: false, pageLoadStrategy: normal, platform: XP, platformName: XP, rotatable: false, setWindowRect: true, takesHeapSnapshot: true, takesScreenshot: true, unexpectedAlertBehaviour: , unhandledPromptBehavior: , version: 68.0.3440.106, webStorageEnabled: true}
Session ID: cedfa6fe1708162a1aecbc267a648034
	at com.get.qa.testcases.TokenManagerPageTest.requestCheckTokenTest(TokenManagerPageTest.java:63)
</failure>
    <system-out><![CDATA[Before navigating to: 'https://qadeployment-web-gateway-lb-577100117.us-west-2.elb.amazonaws.com/'
Navigated to:'https://qadeployment-web-gateway-lb-577100117.us-west-2.elb.amazonaws.com/'
Trying to find Element By : By.xpath: //input[@name='userName']
Found Element By : By.xpath: //input[@name='userName']
Trying to find Element By : By.xpath: //input[@name='password']
Found Element By : By.xpath: //input[@name='password']
Trying to find Element By : By.xpath: //button[@id='loginButton']
Found Element By : By.xpath: //button[@id='loginButton']
Trying to click on: [[ChromeDriver: chrome on XP (cedfa6fe1708162a1aecbc267a648034)] -> xpath: //button[@id='loginButton']]
Clicked on: [[ChromeDriver: chrome on XP (cedfa6fe1708162a1aecbc267a648034)] -> xpath: //button[@id='loginButton']]
Trying to find Element By : By.xpath: //li[@id='tokenManager']/a
Found Element By : By.xpath: //li[@id='tokenManager']/a
Trying to click on: [[ChromeDriver: chrome on XP (cedfa6fe1708162a1aecbc267a648034)] -> xpath: //li[@id='tokenManager']/a]
Clicked on: [[ChromeDriver: chrome on XP (cedfa6fe1708162a1aecbc267a648034)] -> xpath: //li[@id='tokenManager']/a]
Trying to find Element By : By.xpath: //div[@id='header-mid']/button[2]
Found Element By : By.xpath: //div[@id='header-mid']/button[2]
Trying to click on: [[ChromeDriver: chrome on XP (cedfa6fe1708162a1aecbc267a648034)] -> xpath: //div[@id='header-mid']/button[2]]
Clicked on: [[ChromeDriver: chrome on XP (cedfa6fe1708162a1aecbc267a648034)] -> xpath: //div[@id='header-mid']/button[2]]
Trying to find Element By : By.xpath: //div[@id='header-mid']/ul/li[*]/a[text()='9674134323 | Ankur']
Found Element By : By.xpath: //div[@id='header-mid']/ul/li[*]/a[text()='9674134323 | Ankur']
Trying to click on: [[ChromeDriver: chrome on XP (cedfa6fe1708162a1aecbc267a648034)] -> xpath: //div[@id='header-mid']/ul/li[*]/a[text()='9674134323 | Ankur']]
Clicked on: [[ChromeDriver: chrome on XP (cedfa6fe1708162a1aecbc267a648034)] -> xpath: //div[@id='header-mid']/ul/li[*]/a[text()='9674134323 | Ankur']]
Exception occured: org.openqa.selenium.UnsupportedCommandException: actions
Build info: version: '3.13.0', revision: '2f0d292', time: '2018-06-25T15:24:21.231Z'
System info: host: 'LENOVO-PC', ip: '192.168.43.102', os.name: 'Windows 7', os.arch: 'amd64', os.version: '6.1', java.version: '1.8.0_181'
Driver info: driver.version: EventFiringWebDriver
Trying to find Element By : By.xpath: //div[@id='header-mid']/ul/li[*]/a[text()='9674134323 | Ankur']
Found Element By : By.xpath: //div[@id='header-mid']/ul/li[*]/a[text()='9674134323 | Ankur']
Trying to find Element By : By.xpath: //input[@id='checkt_card_check']
Found Element By : By.xpath: //input[@id='checkt_card_check']
Trying to click on: [[ChromeDriver: chrome on XP (cedfa6fe1708162a1aecbc267a648034)] -> xpath: //input[@id='checkt_card_check']]
Clicked on: [[ChromeDriver: chrome on XP (cedfa6fe1708162a1aecbc267a648034)] -> xpath: //input[@id='checkt_card_check']]
Trying to find Element By : By.xpath: //input[@id='checkt_route']
Found Element By : By.xpath: //input[@id='checkt_route']
Trying to find Element By : By.xpath: //input[@id='checkt_account']
Found Element By : By.xpath: //input[@id='checkt_account']
Trying to find Element By : By.xpath: (//button[text()='Submit'])[2]
Found Element By : By.xpath: (//button[text()='Submit'])[2]
Trying to click on: [[ChromeDriver: chrome on XP (cedfa6fe1708162a1aecbc267a648034)] -> xpath: (//button[text()='Submit'])[2]]
Clicked on: [[ChromeDriver: chrome on XP (cedfa6fe1708162a1aecbc267a648034)] -> xpath: (//button[text()='Submit'])[2]]
Trying to find Element By : By.xpath: //button[text()='Copy']
Found Element By : By.xpath: //button[text()='Copy']
Trying to click on: [[ChromeDriver: chrome on XP (cedfa6fe1708162a1aecbc267a648034)] -> xpath: //button[text()='Copy']]
Exception occured: org.openqa.selenium.ElementNotVisibleException: element not visible
  (Session info: chrome=68.0.3440.106)
  (Driver info: chromedriver=2.41.578737 (49da6702b16031c40d63e5618de03a32ff6c197e),platform=Windows NT 6.1.7601 SP1 x86_64) (WARNING: The server did not provide any stacktrace information)
Command duration or timeout: 0 milliseconds
Build info: version: '3.13.0', revision: '2f0d292', time: '2018-06-25T15:24:21.231Z'
System info: host: 'LENOVO-PC', ip: '192.168.43.102', os.name: 'Windows 7', os.arch: 'amd64', os.version: '6.1', java.version: '1.8.0_181'
Driver info: org.openqa.selenium.chrome.ChromeDriver
Capabilities {acceptInsecureCerts: false, acceptSslCerts: false, applicationCacheEnabled: false, browserConnectionEnabled: false, browserName: chrome, chrome: {chromedriverVersion: 2.41.578737 (49da6702b16031..., userDataDir: C:\Users\lenovo\AppData\Loc...}, cssSelectorsEnabled: true, databaseEnabled: false, goog:chromeOptions: {debuggerAddress: localhost:50015}, handlesAlerts: true, hasTouchScreen: false, javascriptEnabled: true, locationContextEnabled: true, mobileEmulationEnabled: false, nativeEvents: true, networkConnectionEnabled: false, pageLoadStrategy: normal, platform: XP, platformName: XP, rotatable: false, setWindowRect: true, takesHeapSnapshot: true, takesScreenshot: true, unexpectedAlertBehaviour: , unhandledPromptBehavior: , version: 68.0.3440.106, webStorageEnabled: true}
Session ID: cedfa6fe1708162a1aecbc267a648034
]]></system-out>
    <system-err><![CDATA[Starting ChromeDriver 2.41.578737 (49da6702b16031c40d63e5618de03a32ff6c197e) on port 11727
Only local connections are allowed.
Aug 30, 2018 12:52:12 AM org.openqa.selenium.remote.ProtocolHandshake createSession
INFO: Detected dialect: OSS
]]></system-err>
  </testcase>
</testsuite>